<?xml version="1.0" encoding="UTF-8"?>
<!-- Generated by org.testng.reporters.JUnitReportReporter -->
<testsuite hostname="NLPULTP8105475" failures="0" tests="1" name="Bank.ICICI" time="0.001" errors="0" timestamp="2023-07-23T12:53:10 IST" skipped="0">
  <testcase classname="Bank.ICICI" name="transfer" time="0.001"/>
</testsuite> <!-- Bank.ICICI -->
