<?xml version="1.0" encoding="UTF-8"?>
<!-- Generated by org.testng.reporters.JUnitReportReporter -->
<testsuite hostname="NLPULTP8105475" failures="0" tests="1" name="Bank.Kotak" time="0.008" errors="0" timestamp="2023-07-23T12:53:10 IST" skipped="0">
  <testcase classname="Bank.Kotak" name="transfer" time="0.008"/>
</testsuite> <!-- Bank.Kotak -->
