<?xml version="1.0" encoding="UTF-8"?>
<!-- Generated by org.testng.reporters.JUnitReportReporter -->
<testsuite hostname="NLPULTP8105475" failures="0" tests="1" name="Bank.SBI" time="0.002" errors="0" timestamp="2023-07-23T12:53:10 IST" skipped="0">
  <testcase classname="Bank.SBI" name="transfer" time="0.002"/>
</testsuite> <!-- Bank.SBI -->
