<?xml version="1.0" encoding="UTF-8"?>
<!-- Generated by org.testng.reporters.JUnitReportReporter -->
<testsuite hostname="NLPULTP8105475" failures="0" tests="3" name="DataDriven.DataDriven.DataProviderLive" time="0.009" errors="0" timestamp="2023-09-10T16:24:22 IST" skipped="0">
  <testcase classname="DataDriven.DataDriven.DataProviderLive" name="testdata" time="0.002"/>
  <testcase classname="DataDriven.DataDriven.DataProviderLive" name="testdata" time="0.001"/>
  <testcase classname="DataDriven.DataDriven.DataProviderLive" name="testdata" time="0.006"/>
</testsuite> <!-- DataDriven.DataDriven.DataProviderLive -->
