<?xml version="1.0" encoding="UTF-8"?>
<!-- Generated by org.testng.reporters.JUnitReportReporter -->
<testsuite hostname="NLPULTP8105475" failures="0" tests="1" name="ExtendReports.Exreports.Exreports" time="6.445" errors="0" timestamp="2023-08-04T21:46:36 IST" skipped="0">
  <testcase classname="ExtendReports.Exreports.Exreports" name="simple_demo" time="6.445"/>
</testsuite> <!-- ExtendReports.Exreports.Exreports -->
