<?xml version="1.0" encoding="UTF-8"?>
<!-- Generated by org.testng.reporters.JUnitReportReporter -->
<testsuite hostname="NLPULTP8105475" failures="0" tests="3" name="Loans.Carloans" time="0.005" errors="0" timestamp="2023-07-18T09:45:41 IST" skipped="0">
  <testcase classname="Loans.Carloans" name="login" time="0.001"/>
  <testcase classname="Loans.Carloans" name="calculate" time="0.003"/>
  <testcase classname="Loans.Carloans" name="intrest" time="0.001"/>
</testsuite> <!-- Loans.Carloans -->
