<?xml version="1.0" encoding="UTF-8"?>
<!-- Generated by org.testng.reporters.JUnitReportReporter -->
<testsuite hostname="NLPULTP8105475" failures="0" tests="3" name="Loans.Houseloans" time="0.012" errors="0" timestamp="2023-07-18T09:45:41 IST" skipped="0">
  <testcase classname="Loans.Houseloans" name="calculate" time="0.009"/>
  <testcase classname="Loans.Houseloans" name="intrest" time="0.001"/>
  <testcase classname="Loans.Houseloans" name="login" time="0.002"/>
</testsuite> <!-- Loans.Houseloans -->
