<?xml version="1.0" encoding="UTF-8"?>
<!-- Generated by org.testng.reporters.JUnitReportReporter -->
<testsuite hostname="NLPULTP8105475" failures="0" tests="1" name="basics" time="0.006" errors="0" timestamp="2023-07-17T17:37:00 IST" skipped="0">
  <testcase classname="basics" name="demo" time="0.006"/>
</testsuite> <!-- basics -->
