<?xml version="1.0" encoding="UTF-8"?>
<!-- Generated by org.testng.reporters.JUnitReportReporter -->
<testsuite hostname="NLPULTP8105475" failures="0" tests="1" name="Houseloans" time="0.005" errors="0" timestamp="2023-07-17T17:45:05 IST" skipped="0">
  <testcase classname="Houseloans" name="login" time="0.005"/>
</testsuite> <!-- Houseloans -->
