<?xml version="1.0" encoding="UTF-8"?>
<!-- Generated by org.testng.reporters.JUnitReportReporter -->
<testsuite hostname="NLPULTP8105475" failures="0" tests="2" name="Loans.Bikeloan" time="0.003" errors="0" timestamp="2023-07-18T09:45:41 IST" skipped="0">
  <testcase classname="Loans.Bikeloan" name="calculate" time="0.002"/>
  <testcase classname="Loans.Bikeloan" name="intrest" time="0.001"/>
</testsuite> <!-- Loans.Bikeloan -->
