<?xml version="1.0" encoding="UTF-8"?>
<!-- Generated by org.testng.reporters.JUnitReportReporter -->
<testsuite hostname="NLPULTP8105475" failures="0" tests="1" name="Loans.basics" time="0.004" errors="0" timestamp="2023-07-17T17:59:52 IST" skipped="0">
  <testcase classname="Loans.basics" name="demo" time="0.004"/>
</testsuite> <!-- Loans.basics -->
